# JRE version: OpenJDK Runtime Environment Temurin-17.0.13+11 (17.0.13+11) (build 17.0.13+11)
# Java VM: OpenJDK 64-Bit Server VM Temurin-17.0.13+11 (17.0.13+11, mixed mode, tiered, compressed oops, compressed class ptrs, parallel gc, windows-amd64)
GC Precious Log:
 CPUs: 12 total, 12 available
 Memory: 5996M
 Large Page Support: Disabled
 NUMA Support: Disabled
 Compressed Oops: Enabled (32-bit)
 Alignments: Space 512K, Generation 512K, Heap 2M
 Heap Min Capacity: 100M
 Heap Initial Capacity: 100M
 Heap Max Capacity: 1G
 Pre-touch: Disabled
 Parallel Workers: 10
Heap:
 PSYoungGen      total 11264K, used 3176K [0x00000000eab00000, 0x00000000eb980000, 0x0000000100000000)
  eden space 6656K, 3% used [0x00000000eab00000,0x00000000eab3e200,0x00000000eb180000)
  from space 4608K, 63% used [0x00000000eb180000,0x00000000eb45bf68,0x00000000eb600000)
  to   space 3584K, 0% used [0x00000000eb600000,0x00000000eb600000,0x00000000eb980000)
 ParOldGen       total 194560K, used 192529K [0x00000000c0000000, 0x00000000cbe00000, 0x00000000eab00000)
  object space 194560K, 98% used [0x00000000c0000000,0x00000000cbc04688,0x00000000cbe00000)
 Metaspace       used 64606K, committed 65728K, reserved 1114112K
  class space    used 6685K, committed 7168K, reserved 1048576K
GC Heap History (20 events):
Event: 13.859 GC heap before
{Heap before GC invocations=112 (full 6):
 PSYoungGen      total 9728K, used 9727K [0x00000000eab00000, 0x00000000eba80000, 0x0000000100000000)
  eden space 6656K, 100% used [0x00000000eab00000,0x00000000eb180000,0x00000000eb180000)
  from space 3072K, 99% used [0x00000000eb580000,0x00000000eb87fc68,0x00000000eb880000)
  to   space 4096K, 0% used [0x00000000eb180000,0x00000000eb180000,0x00000000eb580000)
 ParOldGen       total 194560K, used 177229K [0x00000000c0000000, 0x00000000cbe00000, 0x00000000eab00000)
  object space 194560K, 91% used [0x00000000c0000000,0x00000000cad134a0,0x00000000cbe00000)
 Metaspace       used 64388K, committed 65472K, reserved 1114112K
  class space    used 6663K, committed 7168K, reserved 1048576K
}
Event: 13.863 GC heap after
{Heap after GC invocations=112 (full 6):
 PSYoungGen      total 10752K, used 2407K [0x00000000eab00000, 0x00000000eb880000, 0x0000000100000000)
  eden space 6656K, 0% used [0x00000000eab00000,0x00000000eab00000,0x00000000eb180000)
  from space 4096K, 58% used [0x00000000eb180000,0x00000000eb3d9c60,0x00000000eb580000)
  to   space 3072K, 0% used [0x00000000eb580000,0x00000000eb580000,0x00000000eb880000)
 ParOldGen       total 194560K, used 178995K [0x00000000c0000000, 0x00000000cbe00000, 0x00000000eab00000)
  object space 194560K, 92% used [0x00000000c0000000,0x00000000caeccdc8,0x00000000cbe00000)
 Metaspace       used 64388K, committed 65472K, reserved 1114112K
  class space    used 6663K, committed 7168K, reserved 1048576K
}
Event: 13.882 GC heap before
{Heap before GC invocations=113 (full 6):
 PSYoungGen      total 10752K, used 9063K [0x00000000eab00000, 0x00000000eb880000, 0x0000000100000000)
  eden space 6656K, 100% used [0x00000000eab00000,0x00000000eb180000,0x00000000eb180000)
  from space 4096K, 58% used [0x00000000eb180000,0x00000000eb3d9c60,0x00000000eb580000)
  to   space 3072K, 0% used [0x00000000eb580000,0x00000000eb580000,0x00000000eb880000)
 ParOldGen       total 194560K, used 178995K [0x00000000c0000000, 0x00000000cbe00000, 0x00000000eab00000)
  object space 194560K, 92% used [0x00000000c0000000,0x00000000caeccdc8,0x00000000cbe00000)
 Metaspace       used 64388K, committed 65472K, reserved 1114112K
  class space    used 6663K, committed 7168K, reserved 1048576K
}
Event: 13.886 GC heap after
{Heap after GC invocations=113 (full 6):
 PSYoungGen      total 9728K, used 3046K [0x00000000eab00000, 0x00000000eba80000, 0x0000000100000000)
  eden space 6656K, 0% used [0x00000000eab00000,0x00000000eab00000,0x00000000eb180000)
  from space 3072K, 99% used [0x00000000eb580000,0x00000000eb879ac8,0x00000000eb880000)
  to   space 4096K, 0% used [0x00000000eb180000,0x00000000eb180000,0x00000000eb580000)
 ParOldGen       total 194560K, used 179615K [0x00000000c0000000, 0x00000000cbe00000, 0x00000000eab00000)
  object space 194560K, 92% used [0x00000000c0000000,0x00000000caf67e80,0x00000000cbe00000)
 Metaspace       used 64388K, committed 65472K, reserved 1114112K
  class space    used 6663K, committed 7168K, reserved 1048576K
}
Event: 13.913 GC heap before
{Heap before GC invocations=114 (full 6):
 PSYoungGen      total 9728K, used 9698K [0x00000000eab00000, 0x00000000eba80000, 0x0000000100000000)
  eden space 6656K, 99% used [0x00000000eab00000,0x00000000eb17eda8,0x00000000eb180000)
  from space 3072K, 99% used [0x00000000eb580000,0x00000000eb879ac8,0x00000000eb880000)
  to   space 4096K, 0% used [0x00000000eb180000,0x00000000eb180000,0x00000000eb580000)
 ParOldGen       total 194560K, used 179615K [0x00000000c0000000, 0x00000000cbe00000, 0x00000000eab00000)
  object space 194560K, 92% used [0x00000000c0000000,0x00000000caf67e80,0x00000000cbe00000)
 Metaspace       used 64388K, committed 65472K, reserved 1114112K
  class space    used 6663K, committed 7168K, reserved 1048576K
}
Event: 13.918 GC heap after
{Heap after GC invocations=114 (full 6):
 PSYoungGen      total 10752K, used 2515K [0x00000000eab00000, 0x00000000eb880000, 0x0000000100000000)
  eden space 6656K, 0% used [0x00000000eab00000,0x00000000eab00000,0x00000000eb180000)
  from space 4096K, 61% used [0x00000000eb180000,0x00000000eb3f4d48,0x00000000eb580000)
  to   space 3072K, 0% used [0x00000000eb580000,0x00000000eb580000,0x00000000eb880000)
 ParOldGen       total 194560K, used 181578K [0x00000000c0000000, 0x00000000cbe00000, 0x00000000eab00000)
  object space 194560K, 93% used [0x00000000c0000000,0x00000000cb152be0,0x00000000cbe00000)
 Metaspace       used 64388K, committed 65472K, reserved 1114112K
  class space    used 6663K, committed 7168K, reserved 1048576K
}
Event: 13.964 GC heap before
{Heap before GC invocations=115 (full 6):
 PSYoungGen      total 10752K, used 9171K [0x00000000eab00000, 0x00000000eb880000, 0x0000000100000000)
  eden space 6656K, 100% used [0x00000000eab00000,0x00000000eb180000,0x00000000eb180000)
  from space 4096K, 61% used [0x00000000eb180000,0x00000000eb3f4d48,0x00000000eb580000)
  to   space 3072K, 0% used [0x00000000eb580000,0x00000000eb580000,0x00000000eb880000)
 ParOldGen       total 194560K, used 181578K [0x00000000c0000000, 0x00000000cbe00000, 0x00000000eab00000)
  object space 194560K, 93% used [0x00000000c0000000,0x00000000cb152be0,0x00000000cbe00000)
 Metaspace       used 64388K, committed 65472K, reserved 1114112K
  class space    used 6663K, committed 7168K, reserved 1048576K
}
Event: 13.968 GC heap after
{Heap after GC invocations=115 (full 6):
 PSYoungGen      total 9728K, used 3069K [0x00000000eab00000, 0x00000000eba80000, 0x0000000100000000)
  eden space 6656K, 0% used [0x00000000eab00000,0x00000000eab00000,0x00000000eb180000)
  from space 3072K, 99% used [0x00000000eb580000,0x00000000eb87f478,0x00000000eb880000)
  to   space 4096K, 0% used [0x00000000eb180000,0x00000000eb180000,0x00000000eb580000)
 ParOldGen       total 194560K, used 182113K [0x00000000c0000000, 0x00000000cbe00000, 0x00000000eab00000)
  object space 194560K, 93% used [0x00000000c0000000,0x00000000cb1d86b0,0x00000000cbe00000)
 Metaspace       used 64388K, committed 65472K, reserved 1114112K
  class space    used 6663K, committed 7168K, reserved 1048576K
}
Event: 13.992 GC heap before
{Heap before GC invocations=116 (full 6):
 PSYoungGen      total 9728K, used 9725K [0x00000000eab00000, 0x00000000eba80000, 0x0000000100000000)
  eden space 6656K, 100% used [0x00000000eab00000,0x00000000eb180000,0x00000000eb180000)
  from space 3072K, 99% used [0x00000000eb580000,0x00000000eb87f478,0x00000000eb880000)
  to   space 4096K, 0% used [0x00000000eb180000,0x00000000eb180000,0x00000000eb580000)
 ParOldGen       total 194560K, used 182113K [0x00000000c0000000, 0x00000000cbe00000, 0x00000000eab00000)
  object space 194560K, 93% used [0x00000000c0000000,0x00000000cb1d86b0,0x00000000cbe00000)
 Metaspace       used 64388K, committed 65472K, reserved 1114112K
  class space    used 6663K, committed 7168K, reserved 1048576K
}
Event: 13.997 GC heap after
{Heap after GC invocations=116 (full 6):
 PSYoungGen      total 10752K, used 2599K [0x00000000eab00000, 0x00000000eb880000, 0x0000000100000000)
  eden space 6656K, 0% used [0x00000000eab00000,0x00000000eab00000,0x00000000eb180000)
  from space 4096K, 63% used [0x00000000eb180000,0x00000000eb409cb0,0x00000000eb580000)
  to   space 3072K, 0% used [0x00000000eb580000,0x00000000eb580000,0x00000000eb880000)
 ParOldGen       total 194560K, used 184043K [0x00000000c0000000, 0x00000000cbe00000, 0x00000000eab00000)
  object space 194560K, 94% used [0x00000000c0000000,0x00000000cb3badc0,0x00000000cbe00000)
 Metaspace       used 64388K, committed 65472K, reserved 1114112K
  class space    used 6663K, committed 7168K, reserved 1048576K
}
Event: 14.038 GC heap before
{Heap before GC invocations=117 (full 6):
 PSYoungGen      total 10752K, used 9248K [0x00000000eab00000, 0x00000000eb880000, 0x0000000100000000)
  eden space 6656K, 99% used [0x00000000eab00000,0x00000000eb17e4c0,0x00000000eb180000)
  from space 4096K, 63% used [0x00000000eb180000,0x00000000eb409cb0,0x00000000eb580000)
  to   space 3072K, 0% used [0x00000000eb580000,0x00000000eb580000,0x00000000eb880000)
 ParOldGen       total 194560K, used 184043K [0x00000000c0000000, 0x00000000cbe00000, 0x00000000eab00000)
  object space 194560K, 94% used [0x00000000c0000000,0x00000000cb3badc0,0x00000000cbe00000)
 Metaspace       used 64394K, committed 65600K, reserved 1114112K
  class space    used 6665K, committed 7168K, reserved 1048576K
}
Event: 14.042 GC heap after
{Heap after GC invocations=117 (full 6):
 PSYoungGen      total 9728K, used 3071K [0x00000000eab00000, 0x00000000eba80000, 0x0000000100000000)
  eden space 6656K, 0% used [0x00000000eab00000,0x00000000eab00000,0x00000000eb180000)
  from space 3072K, 99% used [0x00000000eb580000,0x00000000eb87fed8,0x00000000eb880000)
  to   space 4096K, 0% used [0x00000000eb180000,0x00000000eb180000,0x00000000eb580000)
 ParOldGen       total 194560K, used 184812K [0x00000000c0000000, 0x00000000cbe00000, 0x00000000eab00000)
  object space 194560K, 94% used [0x00000000c0000000,0x00000000cb47b198,0x00000000cbe00000)
 Metaspace       used 64394K, committed 65600K, reserved 1114112K
  class space    used 6665K, committed 7168K, reserved 1048576K
}
Event: 14.076 GC heap before
{Heap before GC invocations=118 (full 6):
 PSYoungGen      total 9728K, used 9727K [0x00000000eab00000, 0x00000000eba80000, 0x0000000100000000)
  eden space 6656K, 100% used [0x00000000eab00000,0x00000000eb180000,0x00000000eb180000)
  from space 3072K, 99% used [0x00000000eb580000,0x00000000eb87fed8,0x00000000eb880000)
  to   space 4096K, 0% used [0x00000000eb180000,0x00000000eb180000,0x00000000eb580000)
 ParOldGen       total 194560K, used 184812K [0x00000000c0000000, 0x00000000cbe00000, 0x00000000eab00000)
  object space 194560K, 94% used [0x00000000c0000000,0x00000000cb47b198,0x00000000cbe00000)
 Metaspace       used 64407K, committed 65600K, reserved 1114112K
  class space    used 6666K, committed 7168K, reserved 1048576K
}
Event: 14.083 GC heap after
{Heap after GC invocations=118 (full 6):
 PSYoungGen      total 10752K, used 3007K [0x00000000eab00000, 0x00000000eb980000, 0x0000000100000000)
  eden space 6656K, 0% used [0x00000000eab00000,0x00000000eab00000,0x00000000eb180000)
  from space 4096K, 73% used [0x00000000eb180000,0x00000000eb46ff30,0x00000000eb580000)
  to   space 3584K, 0% used [0x00000000eb600000,0x00000000eb600000,0x00000000eb980000)
 ParOldGen       total 194560K, used 186786K [0x00000000c0000000, 0x00000000cbe00000, 0x00000000eab00000)
  object space 194560K, 96% used [0x00000000c0000000,0x00000000cb668ab0,0x00000000cbe00000)
 Metaspace       used 64407K, committed 65600K, reserved 1114112K
  class space    used 6666K, committed 7168K, reserved 1048576K
}
Event: 14.154 GC heap before
{Heap before GC invocations=119 (full 6):
 PSYoungGen      total 10752K, used 9663K [0x00000000eab00000, 0x00000000eb980000, 0x0000000100000000)
  eden space 6656K, 100% used [0x00000000eab00000,0x00000000eb180000,0x00000000eb180000)
  from space 4096K, 73% used [0x00000000eb180000,0x00000000eb46ff30,0x00000000eb580000)
  to   space 3584K, 0% used [0x00000000eb600000,0x00000000eb600000,0x00000000eb980000)
 ParOldGen       total 194560K, used 186786K [0x00000000c0000000, 0x00000000cbe00000, 0x00000000eab00000)
  object space 194560K, 96% used [0x00000000c0000000,0x00000000cb668ab0,0x00000000cbe00000)
 Metaspace       used 64492K, committed 65664K, reserved 1114112K
  class space    used 6675K, committed 7168K, reserved 1048576K
}
Event: 14.158 GC heap after
{Heap after GC invocations=119 (full 6):
 PSYoungGen      total 10240K, used 3574K [0x00000000eab00000, 0x00000000ebb80000, 0x0000000100000000)
  eden space 6656K, 0% used [0x00000000eab00000,0x00000000eab00000,0x00000000eb180000)
  from space 3584K, 99% used [0x00000000eb600000,0x00000000eb97dad8,0x00000000eb980000)
  to   space 4608K, 0% used [0x00000000eb180000,0x00000000eb180000,0x00000000eb600000)
 ParOldGen       total 194560K, used 187527K [0x00000000c0000000, 0x00000000cbe00000, 0x00000000eab00000)
  object space 194560K, 96% used [0x00000000c0000000,0x00000000cb721ef8,0x00000000cbe00000)
 Metaspace       used 64492K, committed 65664K, reserved 1114112K
  class space    used 6675K, committed 7168K, reserved 1048576K
}
Event: 14.253 GC heap before
{Heap before GC invocations=120 (full 6):
 PSYoungGen      total 10240K, used 10230K [0x00000000eab00000, 0x00000000ebb80000, 0x0000000100000000)
  eden space 6656K, 100% used [0x00000000eab00000,0x00000000eb180000,0x00000000eb180000)
  from space 3584K, 99% used [0x00000000eb600000,0x00000000eb97dad8,0x00000000eb980000)
  to   space 4608K, 0% used [0x00000000eb180000,0x00000000eb180000,0x00000000eb600000)
 ParOldGen       total 194560K, used 187527K [0x00000000c0000000, 0x00000000cbe00000, 0x00000000eab00000)
  object space 194560K, 96% used [0x00000000c0000000,0x00000000cb721ef8,0x00000000cbe00000)
 Metaspace       used 64575K, committed 65728K, reserved 1114112K
  class space    used 6683K, committed 7168K, reserved 1048576K
}
Event: 14.266 GC heap after
{Heap after GC invocations=120 (full 6):
 PSYoungGen      total 11264K, used 2719K [0x00000000eab00000, 0x00000000eb980000, 0x0000000100000000)
  eden space 6656K, 0% used [0x00000000eab00000,0x00000000eab00000,0x00000000eb180000)
  from space 4608K, 59% used [0x00000000eb180000,0x00000000eb427c78,0x00000000eb600000)
  to   space 3584K, 0% used [0x00000000eb600000,0x00000000eb600000,0x00000000eb980000)
 ParOldGen       total 194560K, used 189952K [0x00000000c0000000, 0x00000000cbe00000, 0x00000000eab00000)
  object space 194560K, 97% used [0x00000000c0000000,0x00000000cb980070,0x00000000cbe00000)
 Metaspace       used 64575K, committed 65728K, reserved 1114112K
  class space    used 6683K, committed 7168K, reserved 1048576K
}
Event: 14.320 GC heap before
{Heap before GC invocations=121 (full 6):
 PSYoungGen      total 11264K, used 9374K [0x00000000eab00000, 0x00000000eb980000, 0x0000000100000000)
  eden space 6656K, 99% used [0x00000000eab00000,0x00000000eb17fdb0,0x00000000eb180000)
  from space 4608K, 59% used [0x00000000eb180000,0x00000000eb427c78,0x00000000eb600000)
  to   space 3584K, 0% used [0x00000000eb600000,0x00000000eb600000,0x00000000eb980000)
 ParOldGen       total 194560K, used 189952K [0x00000000c0000000, 0x00000000cbe00000, 0x00000000eab00000)
  object space 194560K, 97% used [0x00000000c0000000,0x00000000cb980070,0x00000000cbe00000)
 Metaspace       used 64594K, committed 65728K, reserved 1114112K
  class space    used 6684K, committed 7168K, reserved 1048576K
}
Event: 14.330 GC heap after
{Heap after GC invocations=121 (full 6):
 PSYoungGen      total 10240K, used 3564K [0x00000000eab00000, 0x00000000eb980000, 0x0000000100000000)
  eden space 6656K, 0% used [0x00000000eab00000,0x00000000eab00000,0x00000000eb180000)
  from space 3584K, 99% used [0x00000000eb600000,0x00000000eb97b208,0x00000000eb980000)
  to   space 4608K, 0% used [0x00000000eb180000,0x00000000eb180000,0x00000000eb600000)
 ParOldGen       total 194560K, used 190362K [0x00000000c0000000, 0x00000000cbe00000, 0x00000000eab00000)
  object space 194560K, 97% used [0x00000000c0000000,0x00000000cb9e68a0,0x00000000cbe00000)
 Metaspace       used 64594K, committed 65728K, reserved 1114112K
  class space    used 6684K, committed 7168K, reserved 1048576K
}

